<?xml version="1.0" encoding="UTF-8"?>
<!-- Generated by org.testng.reporters.JUnitReportReporter -->
<testsuite hostname="ua-od-kkn-8001" failures="0" tests="3" name="lesson18.FirstTest" time="0.009" errors="0" timestamp="2023-10-27T22:41:41 EEST" skipped="0">
  <testcase classname="lesson18.FirstTest" name="testDivision" time="0.004"/>
  <system-out/>
  <testcase classname="lesson18.FirstTest" name="testMethod" time="0.004"/>
  <system-out/>
  <testcase classname="lesson18.FirstTest" name="testMethod2" time="0.001"/>
  <system-out/>
</testsuite> <!-- lesson18.FirstTest -->
